<?xml version="1.0" encoding="UTF-8"?>
<!-- Generated by org.testng.reporters.JUnitReportReporter -->
<testsuite hostname="AnkitaLaptop" failures="0" tests="1" name="Runner.Runlog" time="0.288" errors="0" timestamp="2023-04-17T18:22:53 IST" skipped="0">
  <testcase classname="Runner.Runlog" name="runScenario" time="0.288"/>
  <system-out/>
</testsuite> <!-- Runner.Runlog -->
